0:100  0:100  MemLog inited, TSC freq: 1796737040
0:100  0:000  CPU was calibrated with RTC
0:100  0:000  
0:100  0:000  Now is 10.1.2019,  18:3:23 (GMT)
0:100  0:000  Starting Clover revision: 4813 on INSYDE Corp. EFI
0:100  0:000  Build with: [Args: -nb -mc --no-usb -D NO_GRUB_DRIVERS_EMBEDDED | -D DISABLE_USB_SUPPORT -D NO_GRUB_DRIVERS_EMBEDDED -D USE_BIOS_BLOCKIO -D USE_LOW_EBDA -a X64 -b RELEASE -t XCODE8 -n 5 | OS: 10.13.6 | XCODE: 10.1]
0:100  0:000  SelfDevicePath=PciRoot(0x0)\Pci(0x1D,0x0)\Pci(0x0,0x0)\NVMe(0x1,38-31-32-4E-33-33-54-50)\HD(1,GPT,C381F951-77DA-4D60-A6FD-52066852EF7B,0x28,0x64000) @7A7CF9D8
0:100  0:000  SelfDirPath = \EFI\Microsoft\Boot
0:101  0:000  === [ Get Smbios ] ========================================
0:105  0:004  Type 16 Index = 0
0:105  0:000  Total Memory Slots Count = 2
0:105  0:000  Type 17 Index = 0
0:105  0:000  SmbiosTable.Type17->Speed = 2400MHz
0:105  0:000  SmbiosTable.Type17->Size = 8192MB
0:105  0:000  SmbiosTable.Type17->Bank/Device = BANK 0 Bottom-Slot 1(left)
0:105  0:000  SmbiosTable.Type17->Vendor = Ramaxel
0:105  0:000  SmbiosTable.Type17->SerialNumber = 126DD06D
0:105  0:000  SmbiosTable.Type17->PartNumber = RMSA3260NA78HAF-2400
0:105  0:000  Type 17 Index = 1
0:105  0:000  Ignoring insane frequency value 0MHz
0:105  0:000  SmbiosTable.Type17->Speed = 0MHz
0:105  0:000  SmbiosTable.Type17->Size = 0MB
0:105  0:000  SmbiosTable.Type17->Bank/Device = BANK 2 Bottom-Slot 2(right)
0:105  0:000  SmbiosTable.Type17->Vendor = <null string>
0:105  0:000  SmbiosTable.Type17->SerialNumber = <null string>
0:105  0:000  SmbiosTable.Type17->PartNumber = <null string>
0:105  0:000  Boot status=0
0:105  0:000  Running on: 'HP Laptop 17-by0xxx' with board '84CA'
0:105  0:000  === [ GetCPUProperties ] ==================================
0:105  0:000  CPU Vendor = 756E6547 Model=806EA
0:105  0:000   The CPU supported SSE4.1
0:105  0:000  BrandString = Intel(R) Core(TM) i5-8250U CPU @ 1.60GHz
0:105  0:000   The CPU supported turbo
0:105  0:000  MSR 0x35               40008
0:105  0:000   TSC/CCC Information Leaf:
0:105  0:000    numerator     : 150
0:105  0:000    denominator   : 2
0:105  0:000   Calibrated ARTFrequency: 23956493
0:105  0:000  MSR 0xE2 before patch 1E008008
0:105  0:000  MSR 0xE2 is locked, PM patches will be turned on
0:105  0:000  MSR 0xCE              0004043D_F1011200
0:105  0:000  corrected FLEX_RATIO = 0
0:105  0:000  MSR 0x1B0             00000000
0:106  0:000  FSBFrequency = 89 MHz, DMI FSBFrequency = 100 MHz, Corrected FSBFrequency = 100 MHz
0:106  0:000  MaxDiv/MinDiv: 18.0/4
0:106  0:000  Turbo: 34/34/34/34
0:106  0:000  Features: 0xBFEBFBFF
0:106  0:000  Threads: 8
0:106  0:000  Cores: 4
0:106  0:000  FSB: 100 MHz
0:106  0:000  CPU: 1600 MHz
0:106  0:000  TSC: 1600 MHz
0:106  0:000  PIS: 100 MHz
0:106  0:000  ExternalClock: 25 MHz
0:106  0:000  === [ GetDevices ] ========================================
0:106  0:000  PCI (00|00:00.00) : 8086 5914 class=060000
0:106  0:000  PCI (00|00:02.00) : 8086 5917 class=030000
0:106  0:000   - GFX: Model=Intel UHD Graphics 620 (Intel)
0:106  0:000  PCI (00|00:04.00) : 8086 1903 class=118000
0:106  0:000  PCI (00|00:08.00) : 8086 1911 class=088000
0:106  0:000  PCI (00|00:14.00) : 8086 9D2F class=0C0330
0:106  0:000  PCI (00|00:14.02) : 8086 9D31 class=118000
0:106  0:000  PCI (00|00:16.00) : 8086 9D3A class=078000
0:106  0:000  PCI (00|00:17.00) : 8086 282A class=010400
0:106  0:000  PCI (00|00:1C.00) : 8086 9D14 class=060400
0:106  0:000  PCI (00|01:00.00) : 10EC 8168 class=020000
0:106  0:000   - LAN: 0 Vendor=Realtek
0:106  0:000  PCI (00|00:1C.05) : 8086 9D15 class=060400
0:106  0:000  PCI (00|02:00.00) : 10EC C821 class=028000
0:106  0:000   - WIFI: Vendor=Realtek
0:106  0:000  PCI (00|00:1D.00) : 8086 9D18 class=060400
0:106  0:000  PCI (00|03:00.00) : 10EC 5762 class=010802
0:106  0:000  PCI (00|00:1F.00) : 8086 9D4E class=060100
0:106  0:000  PCI (00|00:1F.02) : 8086 9D21 class=058000
0:106  0:000  PCI (00|00:1F.03) : 8086 9D71 class=040300
0:106  0:000  PCI (00|00:1F.04) : 8086 9D23 class=0C0500
0:106  0:000  === [ GetDefaultSettings ] ================================
0:106  0:000  Clover load options size = 136 bytes
0:107  0:001  EFI\CLOVER\WINDOWS.plist not loaded with name from LoadOptions: Not Found
0:109  0:001  EFI\CLOVER\config.plist loaded: Success
0:114  0:005  === [ GetListOfThemes ] ===================================
0:114  0:000  - [00]: christmas
0:115  0:000  - [01]: embedded
0:115  0:000  - [01]: newyear
0:115  0:000  - [02]: random
0:116  0:000  === [ Found config plists ] ===============================
0:116  0:000  - config.plist
0:116  0:000  === [ GetEarlyUserSettings ] ==============================
0:116  0:000  timeout set to 0
0:116  0:000  Custom boot CUSTOM_BOOT_DISABLED (0x0)
0:116  0:000  KextsToPatch: 7 requested
0:116  0:000   - [00]: com.apple.driver.AppleIntelLpssI2C (Prevent Apple I2C kexts from attaching to I2C controllers, credit CoolStar) :: MatchOS: 10.14.x :: PlistPatch :: data len: 5
0:116  0:000   - [01]: com.apple.driver.AppleIntelLpssI2CController (Prevent Apple I2C kexts from attaching to I2C controllers, credit CoolStar) :: MatchOS: 10.14.x :: PlistPatch :: data len: 5
0:116  0:000   - [02]: com.apple.driver.AppleHDA (Zeroing 10ec0261 codec (patched by AppleHDA Patcher.app)) :: BinPatch :: data len: 4
0:116  0:000   - [03]: com.apple.driver.AppleHDA (Zeroing 10ec0262 codec (patched by AppleHDA Patcher.app)) :: BinPatch :: data len: 4
0:116  0:000   - [04]: com.apple.driver.AppleHDA (Zeroing 10ec0885 codec (patched by AppleHDA Patcher.app)) :: BinPatch :: data len: 4
0:116  0:000   - [05]: com.apple.driver.AppleHDA (Patching 11d41984 with 10ec0236 codec (patched by AppleHDA Patcher.app)) :: BinPatch :: data len: 4
0:116  0:000   - [06]: com.apple.driver.usb.AppleUSBXHCI (Usb Patch) :: BinPatch :: data len: 9
0:116  0:000  KernelToPatch: 3 requested
0:116  0:000   - [00]: MSR 0xE2 _xcpm_idle instant reboot(c) Pike R. Alpha :: data len: 8
0:116  0:000   - [01]: Disable panic kext logging on 10.13 release kernel (credit Vandroiy) :: MatchOS: 10.13.x :: data len: 6
0:116  0:000   - [02]: Disable panic kext logging on 10.14 release kernel (credit Vandroiy) :: MatchOS: 10.14.x :: data len: 6
0:116  0:000  Default theme: BGM
0:116  0:000  Hiding entries with string Preboot
0:116  0:000  === [ LoadDrivers ] =======================================
0:117  0:000  Loading AptioMemoryFix-64.efi  status=Success
0:120  0:003  Loading DataHubDxe-64.efi  status=Success
0:123  0:002  Loading FSInject-64.efi  status=Success
0:125  0:002  Loading NvmExpressDxe-64.efi  status=Success
0:128  0:002   - driver needs connecting
0:128  0:000  Loading ApfsDriverLoader-64.efi  status=Success
0:130  0:002   - driver needs connecting
0:130  0:000  Loading SMCHelper-64.efi  status=Success
0:134  0:003  Loading HFSPlus.efi  status=Success
0:137  0:002   - driver needs connecting
0:137  0:000  Loading HFSPlus-64.efi  status=Success
0:140  0:003   - driver needs connecting
0:140  0:000  Loading NTFS-64.efi  status=Success
0:145  0:004   - driver needs connecting
0:145  0:000  5 drivers needs connecting ...
0:145  0:000  PlatformDriverOverrideProtocol->GetDriver overriden
0:145  0:000  HFS+ driver loaded
0:145  0:000  APFS driver loaded
0:145  0:000  Searching for invalid DiskIo BY_DRIVER connects: not found, all ok
5:636  5:490  === [ InitScreen ] ========================================
5:636  0:000  SetMaxResolution: found best mode 0: 1600x900
5:636  0:000   - already set
5:636  0:000  Console modes reported: 6, available modes:
5:636  0:000   - [01]: 80x25
5:636  0:000   - [03]: 80x25
5:636  0:000   - [04]: 200x47 (current mode)
5:636  0:000   - [05]: 100x31
5:636  0:000   - [06]: 128x40
5:636  0:000  SetScreenResolution: 1600x900 - already set
5:636  0:000  reinit: self device path=PciRoot(0x0)\Pci(0x1D,0x0)\Pci(0x0,0x0)\NVMe(0x1,38-31-32-4E-33-33-54-50)\HD(1,GPT,C381F951-77DA-4D60-A6FD-52066852EF7B,0x28,0x64000)
5:647  0:010  === [ GetMacAddress ] =====================================
5:647  0:000  === [ ScanSPD ] ===========================================
5:647  0:000  Scanning SMBus [8086:9D23], mmio: 0xB1336004, ioport: 0x5040, hostc: 0x11
5:665  0:018  Slot: 0 Type 26 8192MB 2400MHz Vendor=Ramaxel Technology PartNo=RMSA3260NA78HAF-2400 SerialNo=0102060D0D00060D
5:667  0:001  === [ GetAcpiTablesList ] =================================
5:676  0:009  Get Acpi Tables List from RSDT:
5:676  0:000   - [00]: FACP  SLIC-MPC len=268
5:676  0:000   - [01]: UEFI  INSYDE   len=566
5:676  0:000   - [02]: UEFI  INSYDE   len=66
5:676  0:000   - [03]: IHIS  INSYDE   len=56
5:676  0:000   - [04]: SSDT  INSYDE   len=26020
5:676  0:000   - [05]: MSDM  SLIC-MPC len=85
5:676  0:000   - [06]: SSDT  INSYDE   len=1219
5:676  0:000   - [07]: SSDT  INSYDE   len=70
5:676  0:000   - [08]: TPM2  INSYDE   len=52
5:676  0:000   - [09]: SSDT  INSYDE   len=12402
5:676  0:000   - [10]: SSDT  INSYDE   len=42573
5:676  0:000   - [11]: SSDT  INSYDE   len=100
5:676  0:000   - [12]: SSDT  INSYDE   len=2725
5:676  0:000   - [13]: ASF!  INSYDE   len=165
5:676  0:000   - [14]: ASPT  INSYDE   len=52
5:676  0:000   - [15]: BOOT  INSYDE   len=40
5:676  0:000   - [16]: DBGP  SLIC-MPC len=52
5:676  0:000   - [17]: HPET  INSYDE   len=56
5:676  0:000   - [18]: APIC  SLIC-MPC len=300
5:676  0:000   - [19]: MCFG  INSYDE   len=60
5:676  0:000   - [20]: SSDT  INSYDE   len=1303
5:676  0:000   - [21]: SSDT  INSYDE   len=2427
5:676  0:000   - [22]: LPIT  INSYDE   len=148
5:676  0:000   - [23]: WSMT  INSYDE   len=40
5:676  0:000   - [24]: SSDT  INSYDE   len=671
5:676  0:000   - [25]: SSDT  INSYDE   len=838
5:676  0:000   - [26]: SSDT  INSYDE   len=12290
5:676  0:000   - [27]: SSDT  INSYDE   len=1310
5:676  0:000   - [28]: DBGP  SLIC-MPC len=52
5:676  0:000   - [29]: DBG2  INSYDE   len=84
5:676  0:000   - [30]: SSDT  INSYDE   len=4838
5:676  0:000   - [31]: SSDT  INSYDE   len=6062
5:676  0:000   - [32]: UEFI  INSYDE   len=1594
5:676  0:000   - [33]: UEFI  INSYDE   len=92
5:676  0:000   - [34]: DMAR  INSYDE   len=168
5:676  0:000   - [35]: FPDT  SLIC-MPC len=68
5:676  0:000   - [36]: BGRT  INSYDE   len=56
5:676  0:000  Calibrated TSC Frequency = 1796737040 = 1796MHz
5:676  0:000  === [ GetUserSettings ] ===================================
5:676  0:000  Add 1 devices:
5:676  0:000  USB FixOwnership: yes
5:676  0:000  Dropping 3 tables:
5:676  0:000   - [00]: Drop table  signature="#MCF" (46434D23)
5:676  0:000           - set table: 46434D23,                0 to drop: no
5:676  0:000   - [01]: Drop table  signature="DMAR" (52414D44)
5:676  0:000           - set table: 52414D44,                0 to drop: yes
5:676  0:000   - [02]: Drop table  signature="SSDT" (54445353) table-id="xh_rvp10" (30317076725F6878)
5:676  0:000           - set table: 54445353, 30317076725F6878 to drop: no
5:676  0:000   - final DSDT Fix mask=40060050
5:676  0:000  PatchesDSDT: 15 requested
5:676  0:000   - [00]: (change _OSI to XOSI) lenToFind: 4, lenToReplace: 4, Target Bridge: <null string>
5:676  0:000   - [01]: (change _DSM to XDSM) lenToFind: 4, lenToReplace: 4, Target Bridge: <null string>
5:676  0:000   - [02]: (change SAT0 to SATA) lenToFind: 4, lenToReplace: 4, Target Bridge: <null string>
5:676  0:000   - [03]: (change HDAS to HDEF) lenToFind: 4, lenToReplace: 4, Target Bridge: <null string>
5:676  0:000   - [04]: (change HECI to IMEI) lenToFind: 4, lenToReplace: 4, Target Bridge: <null string>
5:676  0:000   - [05]: (change GFX0 to IGPU) lenToFind: 4, lenToReplace: 4, Target Bridge: <null string>
5:676  0:000   - [06]: (change Method(GPRW,2,N) to XPRW, pair with SSDT-GPRW.aml) lenToFind: 5, lenToReplace: 5, Target Bridge: <null string>
5:676  0:000   - [07]: (change Method(_PTS,1,N) to ZPTS, pair with SSDT-PTSWAK.aml) lenToFind: 5, lenToReplace: 5, Target Bridge: <null string>
5:676  0:000   - [08]: (change Method(_Q1C,0,N) to XQ1C) lenToFind: 5, lenToReplace: 5, Target Bridge: <null string>
5:676  0:000   - [09]: (change Method(_Q1D,0,N) to XQ1D) lenToFind: 5, lenToReplace: 5, Target Bridge: <null string>
5:676  0:000   - [10]: (change Method(_Q3D,0,N) to XQ3D) lenToFind: 5, lenToReplace: 5, Target Bridge: <null string>
5:676  0:000   - [11]: (change Method(_Q28,0,N) to XQ28) lenToFind: 5, lenToReplace: 5, Target Bridge: <null string>
5:676  0:000   - [12]: (change Method(_Q2E,0,N) to XQ2E) lenToFind: 5, lenToReplace: 5, Target Bridge: <null string>
5:676  0:000   - [13]: (Rename TPD0._CRS to XCRS) lenToFind: 4, lenToReplace: 4, Target Bridge: TPD0
5:676  0:000   - [14]: (Rename TPD0._DSM to XDSM) lenToFind: 4, lenToReplace: 4, Target Bridge: TPD0
5:676  0:000  Using ProductName from config: MacBookPro14,1
5:676  0:000  BiosVersion: not set, Using BiosVersion from clover
5:676  0:000  BiosVersion: MBP141.88Z.F000.B00.1809171524
5:676  0:000  BiosReleaseDate: 09/17/2018
5:676  0:000  Using EfiVersion from clover: 184.0.0.0.0
5:676  0:000  Using FirmwareFeatures from clover: 0xFC0FE137
5:676  0:000  Using FirmwareFeaturesMask from clover: 0xFF1FFF3F
5:676  0:000  Using PlatformFeature from clover: 0x1A
5:677  0:001  === [ Found DSDT tables ] =================================
5:678  0:000  - DSDT.aml
5:821  0:143  === [ ScanVolumes ] =======================================
5:821  0:000  Found 15 volumes with blockIO
5:821  0:000  - [00]: Volume: PciRoot(0x0)\Pci(0x1D,0x0)\Pci(0x0,0x0)\NVMe(0x1,38-31-32-4E-33-33-54-50)
5:822  0:000          Result of bootcode detection: bootable unknown (legacy)
5:822  0:000  - [01]: Volume: PciRoot(0x0)\Pci(0x1D,0x0)\Pci(0x0,0x0)\NVMe(0x1,38-31-32-4E-33-33-54-50)\HD(1,GPT,C381F951-77DA-4D60-A6FD-52066852EF7B,0x28,0x64000)
5:822  0:000          Result of bootcode detection: bootable unknown (legacy)
5:822  0:000          This is SelfVolume !!
5:822  0:000  - [02]: Volume: PciRoot(0x0)\Pci(0x1D,0x0)\Pci(0x0,0x0)\NVMe(0x1,38-31-32-4E-33-33-54-50)\HD(2,GPT,AF39886F-C27B-497D-8959-E692601B55F6,0x64028,0xEA5E4A0)
5:822  0:000          Result of bootcode detection: bootable unknown (legacy)
5:822  0:000  - [03]: Volume: PciRoot(0x0)\Pci(0x1D,0x0)\Pci(0x0,0x0)\NVMe(0x1,38-31-32-4E-33-33-54-50)\HD(3,GPT,F748D466-0A03-415E-BC99-62E2E7E01A7C,0xEAC2800,0x8000)
5:823  0:000  - [04]: Volume: PciRoot(0x0)\Pci(0x1D,0x0)\Pci(0x0,0x0)\NVMe(0x1,38-31-32-4E-33-33-54-50)\HD(4,GPT,60EA64E1-9053-47E2-85AF-A100E1D60F7E,0xEACA800,0xF228800)
5:823  0:000          Result of bootcode detection: bootable Windows (vista,win)
5:823  0:000  - [05]: Volume: PciRoot(0x0)\Pci(0x17,0x0)\Sata(0x2,0x8000,0x0)
5:823  0:000          Found optical drive
5:823  0:000  - [06]: Volume: PciRoot(0x0)\Pci(0x17,0x0)\Sata(0x1,0x8000,0x0)
5:823  0:000  - [07]: Volume: PciRoot(0x0)\Pci(0x17,0x0)\Sata(0x1,0x8000,0x0)\HD(1,GPT,C48EB436-D5DE-4393-AE30-CD51195A85DF,0x800,0x12BFFF)
5:823  0:000          Result of bootcode detection: bootable Windows (win)
5:931  0:108  - [08]: Volume: PciRoot(0x0)\Pci(0x17,0x0)\Sata(0x1,0x8000,0x0)\HD(2,GPT,0A947484-2E70-48AD-A6E3-7E288F4A8680,0x12C800,0xE70C615)
5:931  0:000          Result of bootcode detection: bootable Windows (vista,win)
5:931  0:000  - [09]: Volume: PciRoot(0x0)\Pci(0x17,0x0)\Sata(0x1,0x8000,0x0)\HD(3,GPT,C9C5D543-F1DA-4454-A5E3-BB50F7AC5F40,0xE839000,0x2B9FBFFF)
5:932  0:000          Result of bootcode detection: bootable Windows (vista,win)
5:932  0:000  - [10]: Volume: PciRoot(0x0)\Pci(0x17,0x0)\Sata(0x1,0x8000,0x0)\HD(4,GPT,1A55DDDF-751A-4387-A2D5-12DBE0AF2FD5,0x3A235000,0xEA60000)
5:932  0:000          Result of bootcode detection: bootable unknown (legacy)
5:932  0:000  - [11]: Volume: PciRoot(0x0)\Pci(0x1D,0x0)\Pci(0x0,0x0)\NVMe(0x1,38-31-32-4E-33-33-54-50)\HD(2,GPT,AF39886F-C27B-497D-8959-E692601B55F6,0x64028,0xEA5E4A0)\VenMedia(BE74FCF7-0B7C-49F3-9147-01F4042E6842,634AE7D055B5774F8AE94600B41DC6AB)
5:932  0:000          hiding this volume
5:932  0:000  - [12]: Volume: PciRoot(0x0)\Pci(0x1D,0x0)\Pci(0x0,0x0)\NVMe(0x1,38-31-32-4E-33-33-54-50)\HD(2,GPT,AF39886F-C27B-497D-8959-E692601B55F6,0x64028,0xEA5E4A0)\VenMedia(BE74FCF7-0B7C-49F3-9147-01F4042E6842,2EA1CA4C5ECA1142B0B145E69B90C3CB)
5:932  0:000  - [13]: Volume: PciRoot(0x0)\Pci(0x1D,0x0)\Pci(0x0,0x0)\NVMe(0x1,38-31-32-4E-33-33-54-50)\HD(2,GPT,AF39886F-C27B-497D-8959-E692601B55F6,0x64028,0xEA5E4A0)\VenMedia(BE74FCF7-0B7C-49F3-9147-01F4042E6842,84B842DB411B8F4297008B351BE357F6)
5:932  0:000  - [14]: Volume: PciRoot(0x0)\Pci(0x1D,0x0)\Pci(0x0,0x0)\NVMe(0x1,38-31-32-4E-33-33-54-50)\HD(2,GPT,AF39886F-C27B-497D-8959-E692601B55F6,0x64028,0xEA5E4A0)\VenMedia(BE74FCF7-0B7C-49F3-9147-01F4042E6842,99CCA9D47D142E43835D419784953C53)
5:933  0:000  === [ InitTheme ] =========================================
5:933  0:000  GlobalConfig: BGM not found, get embedded theme
5:933  0:000   using embedded theme
5:934  0:000  Using embedded font: Success
5:934  0:000  theme inited
5:934  0:000  Chosen embedded theme
5:934  0:000  after NVRAM boot-args=dart=0 -cdfon lilucpu=8 darkwake=10
5:934  0:000  === [ Dump SMC keys from NVRAM ] ==========================
5:934  0:000  found AppleSMC protocol
5:956  0:021  Registered 17 SMC keys
5:956  0:000  === [ AddCustomEntries ] ==================================
5:956  0:000  Custom entry 0 Title:"Recovery" Path:"\com.apple.recovery.boot\boot.efi" Type:10 Flags:0x6 matching all volumes
5:956  0:000      Checking volume "EFI" (PciRoot(0x0)\Pci(0x1D,0x0)\Pci(0x0,0x0)\NVMe(0x1,38-31-32-4E-33-33-54-50)\HD(1,GPT,C381F951-77DA-4D60-A6FD-52066852EF7B,0x28,0x64000)) ... skipped because path does not exist
5:957  0:000      Checking volume "" (PciRoot(0x0)\Pci(0x1D,0x0)\Pci(0x0,0x0)\NVMe(0x1,38-31-32-4E-33-33-54-50)\HD(4,GPT,60EA64E1-9053-47E2-85AF-A100E1D60F7E,0xEACA800,0xF228800)) ... skipped because path does not exist
5:957  0:000      Checking volume "EFI" (PciRoot(0x0)\Pci(0x17,0x0)\Sata(0x1,0x8000,0x0)\HD(1,GPT,C48EB436-D5DE-4393-AE30-CD51195A85DF,0x800,0x12BFFF)) ... skipped because path does not exist
5:957  0:000      Checking volume "System" (PciRoot(0x0)\Pci(0x17,0x0)\Sata(0x1,0x8000,0x0)\HD(2,GPT,0A947484-2E70-48AD-A6E3-7E288F4A8680,0x12C800,0xE70C615)) ... skipped because path does not exist
5:968  0:011      Checking volume "data" (PciRoot(0x0)\Pci(0x17,0x0)\Sata(0x1,0x8000,0x0)\HD(3,GPT,C9C5D543-F1DA-4454-A5E3-BB50F7AC5F40,0xE839000,0x2B9FBFFF)) ... skipped because path does not exist
5:969  0:001      Checking volume "Preboot" (PciRoot(0x0)\Pci(0x1D,0x0)\Pci(0x0,0x0)\NVMe(0x1,38-31-32-4E-33-33-54-50)\HD(2,GPT,AF39886F-C27B-497D-8959-E692601B55F6,0x64028,0xEA5E4A0)\VenMedia(BE74FCF7-0B7C-49F3-9147-01F4042E6842,634AE7D055B5774F8AE94600B41DC6AB)) ... skipped because volume is hidden
5:969  0:000      Checking volume "MacOS" (PciRoot(0x0)\Pci(0x1D,0x0)\Pci(0x0,0x0)\NVMe(0x1,38-31-32-4E-33-33-54-50)\HD(2,GPT,AF39886F-C27B-497D-8959-E692601B55F6,0x64028,0xEA5E4A0)\VenMedia(BE74FCF7-0B7C-49F3-9147-01F4042E6842,2EA1CA4C5ECA1142B0B145E69B90C3CB)) ... skipped because path does not exist
5:970  0:000      Checking volume "Recovery" (PciRoot(0x0)\Pci(0x1D,0x0)\Pci(0x0,0x0)\NVMe(0x1,38-31-32-4E-33-33-54-50)\HD(2,GPT,AF39886F-C27B-497D-8959-E692601B55F6,0x64028,0xEA5E4A0)\VenMedia(BE74FCF7-0B7C-49F3-9147-01F4042E6842,84B842DB411B8F4297008B351BE357F6)) ... skipped because path does not exist
5:970  0:000      Checking volume "VM" (PciRoot(0x0)\Pci(0x1D,0x0)\Pci(0x0,0x0)\NVMe(0x1,38-31-32-4E-33-33-54-50)\HD(2,GPT,AF39886F-C27B-497D-8959-E692601B55F6,0x64028,0xEA5E4A0)\VenMedia(BE74FCF7-0B7C-49F3-9147-01F4042E6842,99CCA9D47D142E43835D419784953C53)) ... skipped because path does not exist
5:970  0:000  Custom entry 1 Title:"Windows" Path:"\EFI\Microsoft\Boot\bootmgfw.efi" Options:"-s -h" Type:7 Flags:0x0 matching all volumes
5:970  0:000      Checking volume "EFI" (PciRoot(0x0)\Pci(0x1D,0x0)\Pci(0x0,0x0)\NVMe(0x1,38-31-32-4E-33-33-54-50)\HD(1,GPT,C381F951-77DA-4D60-A6FD-52066852EF7B,0x28,0x64000)) ... match!
5:970  0:000       skipped because path `PciRoot(0x0)\Pci(0x1D,0x0)\Pci(0x0,0x0)\NVMe(0x1,38-31-32-4E-33-33-54-50)\HD(1,GPT,C381F951-77DA-4D60-A6FD-52066852EF7B,0x28,0x64000)\EFI\Microsoft\Boot\bootmgfw.efii` is self path!
5:970  0:000      Checking volume "" (PciRoot(0x0)\Pci(0x1D,0x0)\Pci(0x0,0x0)\NVMe(0x1,38-31-32-4E-33-33-54-50)\HD(4,GPT,60EA64E1-9053-47E2-85AF-A100E1D60F7E,0xEACA800,0xF228800)) ... skipped because path does not exist
5:970  0:000      Checking volume "EFI" (PciRoot(0x0)\Pci(0x17,0x0)\Sata(0x1,0x8000,0x0)\HD(1,GPT,C48EB436-D5DE-4393-AE30-CD51195A85DF,0x800,0x12BFFF)) ... match!
5:971  0:001  Custom settings: <null string>.plist will  be applied
5:971  0:000      Checking volume "System" (PciRoot(0x0)\Pci(0x17,0x0)\Sata(0x1,0x8000,0x0)\HD(2,GPT,0A947484-2E70-48AD-A6E3-7E288F4A8680,0x12C800,0xE70C615)) ... skipped because path does not exist
5:971  0:000      Checking volume "data" (PciRoot(0x0)\Pci(0x17,0x0)\Sata(0x1,0x8000,0x0)\HD(3,GPT,C9C5D543-F1DA-4454-A5E3-BB50F7AC5F40,0xE839000,0x2B9FBFFF)) ... skipped because path does not exist
5:972  0:000      Checking volume "Preboot" (PciRoot(0x0)\Pci(0x1D,0x0)\Pci(0x0,0x0)\NVMe(0x1,38-31-32-4E-33-33-54-50)\HD(2,GPT,AF39886F-C27B-497D-8959-E692601B55F6,0x64028,0xEA5E4A0)\VenMedia(BE74FCF7-0B7C-49F3-9147-01F4042E6842,634AE7D055B5774F8AE94600B41DC6AB)) ... skipped because volume is hidden
5:972  0:000      Checking volume "MacOS" (PciRoot(0x0)\Pci(0x1D,0x0)\Pci(0x0,0x0)\NVMe(0x1,38-31-32-4E-33-33-54-50)\HD(2,GPT,AF39886F-C27B-497D-8959-E692601B55F6,0x64028,0xEA5E4A0)\VenMedia(BE74FCF7-0B7C-49F3-9147-01F4042E6842,2EA1CA4C5ECA1142B0B145E69B90C3CB)) ... skipped because path does not exist
5:972  0:000      Checking volume "Recovery" (PciRoot(0x0)\Pci(0x1D,0x0)\Pci(0x0,0x0)\NVMe(0x1,38-31-32-4E-33-33-54-50)\HD(2,GPT,AF39886F-C27B-497D-8959-E692601B55F6,0x64028,0xEA5E4A0)\VenMedia(BE74FCF7-0B7C-49F3-9147-01F4042E6842,84B842DB411B8F4297008B351BE357F6)) ... skipped because path does not exist
5:972  0:000      Checking volume "VM" (PciRoot(0x0)\Pci(0x1D,0x0)\Pci(0x0,0x0)\NVMe(0x1,38-31-32-4E-33-33-54-50)\HD(2,GPT,AF39886F-C27B-497D-8959-E692601B55F6,0x64028,0xEA5E4A0)\VenMedia(BE74FCF7-0B7C-49F3-9147-01F4042E6842,99CCA9D47D142E43835D419784953C53)) ... skipped because path does not exist
5:972  0:000  === [ ScanLoader ] ========================================
5:972  0:000  - [01]: 'EFI'
5:974  0:002          AddLoaderEntry for Volume Name=EFI
5:974  0:000       skipped because path `PciRoot(0x0)\Pci(0x1D,0x0)\Pci(0x0,0x0)\NVMe(0x1,38-31-32-4E-33-33-54-50)\HD(1,GPT,C381F951-77DA-4D60-A6FD-52066852EF7B,0x28,0x64000)\EFI\microsoft\Boot\bootmgfw.efii` is self path!
5:979  0:005          AddLoaderEntry for Volume Name=EFI
5:979  0:000          skipped because entry is hidden
5:979  0:000  - [04]: ''
5:984  0:004  - [07]: 'EFI'
5:990  0:006          AddLoaderEntry for Volume Name=EFI
5:990  0:000       skipped because path `PciRoot(0x0)\Pci(0x17,0x0)\Sata(0x1,0x8000,0x0)\HD(1,GPT,C48EB436-D5DE-4393-AE30-CD51195A85DF,0x800,0x12BFFF)\EFI\microsoft\Boot\bootmgfw.efii` already exists for another entry!
5:990  0:000          AddLoaderEntry for Volume Name=EFI
5:990  0:000          skipped because entry is hidden
5:990  0:000  - [08]: 'System'
6:003  0:012  - [09]: 'data'
6:024  0:021  - [11]: 'Preboot', hidden
6:024  0:000  - [12]: 'MacOS'
6:030  0:006          AddLoaderEntry for Volume Name=MacOS
6:033  0:002      hibernated: set as never
6:036  0:003  - [13]: 'Recovery'
6:037  0:001          AddLoaderEntry for Volume Name=Recovery
6:041  0:003  - [14]: 'VM'
6:041  0:000  === [ AddCustomTool ] =====================================
6:042  0:000  found tool \EFI\CLOVER\tools\Shell64U.efi
6:042  0:000  Checking EFI partition Volume 1 for Clover
6:042  0:000   Found Clover
6:044  0:001  === [ GetEfiBootDeviceFromNvram ] =========================
6:044  0:000   - efi-boot-device-data: PciRoot(0x0)\Pci(0x1D,0x0)\Pci(0x0,0x0)\NVMe(0x1,38-31-32-4E-33-33-54-50)\HD(2,GPT,AF39886F-C27B-497D-8959-E692601B55F6,0x64028,0xEA5E4A0)\VenMedia(BE74FCF7-0B7C-49F3-9147-01F4042E6842,2EA1CA4C5ECA1142B0B145E69B90C3CB)
6:044  0:000    - Volume: 'PciRoot(0x0)\Pci(0x1D,0x0)\Pci(0x0,0x0)\NVMe(0x1,38-31-32-4E-33-33-54-50)\HD(2,GPT,AF39886F-C27B-497D-8959-E692601B55F6,0x64028,0xEA5E4A0)\VenMedia(BE74FCF7-0B7C-49F3-9147-01F4042E6842,2EA1CA4C5ECA1142B0B145E69B90C3CB)'
6:044  0:000    - LoaderPath: '<null string>'
6:044  0:000    - Guid = AF39886F-C27B-497D-8959-E692601B55F6
6:044  0:000  === [ FindStartupDiskVolume ] =============================
6:044  0:000    - Volume: partition = PciRoot(0x0)\Pci(0x1D,0x0)\Pci(0x0,0x0)\NVMe(0x1,38-31-32-4E-33-33-54-50)\HD(2,GPT,AF39886F-C27B-497D-8959-E692601B55F6,0x64028,0xEA5E4A0)\VenMedia(BE74FCF7-0B7C-49F3-9147-01F4042E6842,2EA1CA4C5ECA1142B0B145E69B90C3CB)
6:044  0:000     - searching for that partition
6:044  0:000      - found entry 1. 'Boot macOS from MacOS', Volume 'MacOS'
6:044  0:000  Boot redirected to Entry 1. 'Boot macOS from MacOS'
6:044  0:000  DefaultIndex=1 and MainMenu.EntryCount=9
6:044  0:000  not run anime
6:119  0:074  GUI ready
8:324  2:205  Found UEFI Acpi 2.0 RSDP at 8AFFD014
8:324  0:000  Saving ACPI tables from RSDP 8AFFD014 to EFI\CLOVER\ACPI\origin ...
8:324  0:000   8AFFD014: 'RSD PTR ', Rev: 2 (Acpi 2.0 or newer), Len: 36 -> RSDP.aml
8:341  0:017    (Xsdt: 8AFD5188, Rsdt: 8AFD50C4)
8:341  0:000    8AFD5188: 'XSDT', 'SLIC-MPC', Rev: 1, Len: 332 -> XSDT.aml
8:345  0:003    8AFD50C4: 'RSDT', 'SLIC-MPC', Rev: 1, Len: 184 -> RSDT.aml
8:349  0:003    Tables in Xsdt: 37
8:349  0:000    0. 8AFD9000: 'FACP', 'SLIC-MPC', Rev: 5, Len: 268 -> FACP.aml
8:352  0:003        (Dsdt: 8AFB2000, Facs: 8AF55000, XDsdt: 8AFB2000, XFacs: 0)
8:352  0:000        8AFB2000: 'DSDT', 'SLIC-MPC', Rev: 2, Len: 139332 -> DSDT.aml
8:361  0:008        8AF55000: 'FACS', Ver: 2, Len: 64 -> FACS.aml
8:365  0:003    1. 8AFFC000: 'UEFI', 'INSYDE', Rev: 1, Len: 566 -> UEFI.aml
8:369  0:004    2. 8AFFB000: 'UEFI', 'INSYDE', Rev: 1, Len: 66 -> UEFI.aml
8:373  0:004    3. 8AFFA000: 'IHIS', 'INSYDE', Rev: 1, Len: 56 -> IHIS.aml
8:377  0:003    4. 8AFF3000: 'SSDT', 'INSYDE', Rev: 1, Len: 26020 -> SSDT-0-INSYDE.aml
8:383  0:005    5. 8AFF2000: 'MSDM', 'SLIC-MPC', Rev: 3, Len: 85 -> MSDM.aml
8:387  0:004    6. 8AFF1000: 'SSDT', 'INSYDE', Rev: 2, Len: 1219 -> SSDT-1-INSYDE.aml
8:391  0:003    7. 8AFF0000: 'SSDT', 'INSYDE', Rev: 2, Len: 70 -> SSDT-2-INSYDE.aml
8:395  0:003    8. 8AFEF000: 'TPM2', 'INSYDE', Rev: 3, Len: 52 -> TPM2.aml
8:398  0:003    9. 8AFEB000: 'SSDT', 'INSYDE', Rev: 2, Len: 12402 -> SSDT-3-INSYDE.aml
8:403  0:004    10. 8AFE0000: 'SSDT', 'INSYDE', Rev: 2, Len: 42573 -> SSDT-4-INSYDE.aml
8:408  0:005    11. 8AFDF000: 'SSDT', 'INSYDE', Rev: 2, Len: 100 -> SSDT-5-INSYDE.aml
8:412  0:004    12. 8AFDE000: 'SSDT', 'INSYDE', Rev: 2, Len: 2725 -> SSDT-6-INSYDE.aml
8:417  0:004    13. 8AFDD000: 'ASF!', 'INSYDE', Rev: 32, Len: 165 -> ASF!.aml
8:421  0:004    14. 8AFDC000: 'ASPT', 'INSYDE', Rev: 7, Len: 52 -> ASPT.aml
8:425  0:003    15. 8AFDB000: 'BOOT', 'INSYDE', Rev: 1, Len: 40 -> BOOT.aml
8:428  0:003    16. 8AFDA000: 'DBGP', 'SLIC-MPC', Rev: 1, Len: 52 -> DBGP.aml
8:432  0:003    17. 8AFD8000: 'HPET', 'INSYDE', Rev: 1, Len: 56 -> HPET.aml
8:435  0:003    18. 8AFD7000: 'APIC', 'SLIC-MPC', Rev: 3, Len: 300 -> APIC.aml
8:439  0:003    19. 8AFD6000: 'MCFG', 'INSYDE', Rev: 1, Len: 60 -> MCFG.aml
8:443  0:003    20. 8AFB1000: 'SSDT', 'INSYDE', Rev: 2, Len: 1303 -> SSDT-7-INSYDE.aml
8:446  0:003    21. 8AFB0000: 'SSDT', 'INSYDE', Rev: 2, Len: 2427 -> SSDT-8-INSYDE.aml
8:451  0:004    22. 8AFAF000: 'LPIT', 'INSYDE', Rev: 1, Len: 148 -> LPIT.aml
8:456  0:005    23. 8AFAE000: 'WSMT', 'INSYDE', Rev: 1, Len: 40 -> WSMT.aml
8:460  0:003    24. 8AFAD000: 'SSDT', 'INSYDE', Rev: 2, Len: 671 -> SSDT-9-INSYDE.aml
8:463  0:003    25. 8AFAC000: 'SSDT', 'INSYDE', Rev: 1, Len: 838 -> SSDT-10-INSYDE.aml
8:467  0:003    26. 8AFA8000: 'SSDT', 'INSYDE', Rev: 2, Len: 12290 -> SSDT-11-INSYDE.aml
8:471  0:003    27. 8AFA7000: 'SSDT', 'INSYDE', Rev: 2, Len: 1310 -> SSDT-12-INSYDE.aml
8:475  0:003    28. 8AFA6000: 'DBGP', 'SLIC-MPC', Rev: 1, Len: 52 -> DBGP.aml
8:479  0:003    29. 8AFA5000: 'DBG2', 'INSYDE', Rev: 0, Len: 84 -> DBG2.aml
8:483  0:004    30. 8AFA3000: 'SSDT', 'INSYDE', Rev: 2, Len: 4838 -> SSDT-13-INSYDE.aml
8:487  0:004    31. 8AFA1000: 'SSDT', 'INSYDE', Rev: 2, Len: 6062 -> SSDT-14-INSYDE.aml (Found hidden SSDT 7 pcs)
8:490  0:003        * 8A708018: 'SSDT', 'Cpu0Ist', Rev: 2, Len: 1419  53 53 44 54 8B 05 00 00 02 63 50 6D 52 65 66 00 Internal length = 1419 -> SSDT-x14_0-Cpu0Ist.aml
8:494  0:003        * 8A706018: 'SSDT', 'ApIst', Rev: 2, Len: 3348  53 53 44 54 14 0D 00 00 02 2A 50 6D 52 65 66 00 Internal length = 3348 -> SSDT-x14_1-ApIst.aml
8:497  0:003        * 8A707898: 'SSDT', 'Cpu0Cst', Rev: 2, Len: 1023  53 53 44 54 FF 03 00 00 02 11 50 6D 52 65 66 00 Internal length = 1023 -> SSDT-x14_2-Cpu0Cst.aml
8:501  0:003        * 8A708898: 'SSDT', 'ApCst', Rev: 2, Len: 778  53 53 44 54 0A 03 00 00 02 93 50 6D 52 65 66 00 Internal length = 778 -> SSDT-x14_3-ApCst.aml
8:506  0:004        * 8A708DD8: 'SSDT', 'Cpu0Hwp', Rev: 2, Len: 186  53 53 44 54 BA 00 00 00 02 7D 50 6D 52 65 66 00 Internal length = 186 -> SSDT-x14_4-Cpu0Hwp.aml
8:509  0:003        * 8A885418: 'SSDT', 'ApHwp', Rev: 2, Len: 791  53 53 44 54 17 03 00 00 02 80 50 6D 52 65 66 00 Internal length = 791 -> SSDT-x14_5-ApHwp.aml
8:513  0:003        * 8A707018: 'SSDT', 'HwpLvt', Rev: 2, Len: 1576  53 53 44 54 28 06 00 00 02 85 50 6D 52 65 66 00 Internal length = 1576 -> SSDT-x14_6-HwpLvt.aml
8:519  0:006  
8:519  0:000    32. 8AFA0000: 'UEFI', 'INSYDE', Rev: 1, Len: 1594 -> UEFI.aml
8:526  0:006    33. 8AF9F000: 'UEFI', 'INSYDE', Rev: 1, Len: 92 -> UEFI.aml
8:530  0:004    34. 8AF9E000: 'DMAR', 'INSYDE', Rev: 1, Len: 168 -> DMAR.aml
8:533  0:003    35. 8AF9D000: 'FPDT', 'SLIC-MPC', Rev: 1, Len: 68 -> FPDT.aml
8:537  0:003    36. 8AF9C000: 'BGRT', 'INSYDE', Rev: 1, Len: 56 -> BGRT.aml
8:541  0:003    Tables in Rsdt: 37
8:541  0:000    0. 8AFD9000: 'FACP', 'SLIC-MPC', Rev: 5, Len: 268
8:541  0:000        (Dsdt: 8AFB2000, Facs: 8AF55000, XDsdt: 8AFB2000, XFacs: 0)
8:541  0:000        8AFB2000: 'DSDT', 'SLIC-MPC', Rev: 2, Len: 139332
8:545  0:003        8AF55000: 'FACS', Ver: 2, Len: 64
8:545  0:000    1. 8AFFC000: 'UEFI', 'INSYDE', Rev: 1, Len: 566
8:545  0:000    2. 8AFFB000: 'UEFI', 'INSYDE', Rev: 1, Len: 66
8:545  0:000    3. 8AFFA000: 'IHIS', 'INSYDE', Rev: 1, Len: 56
8:545  0:000    4. 8AFF3000: 'SSDT', 'INSYDE', Rev: 1, Len: 26020
8:545  0:000    5. 8AFF2000: 'MSDM', 'SLIC-MPC', Rev: 3, Len: 85
8:545  0:000    6. 8AFF1000: 'SSDT', 'INSYDE', Rev: 2, Len: 1219
8:545  0:000    7. 8AFF0000: 'SSDT', 'INSYDE', Rev: 2, Len: 70
8:545  0:000    8. 8AFEF000: 'TPM2', 'INSYDE', Rev: 3, Len: 52
8:545  0:000    9. 8AFEB000: 'SSDT', 'INSYDE', Rev: 2, Len: 12402
8:545  0:000    10. 8AFE0000: 'SSDT', 'INSYDE', Rev: 2, Len: 42573
8:545  0:000    11. 8AFDF000: 'SSDT', 'INSYDE', Rev: 2, Len: 100
8:545  0:000    12. 8AFDE000: 'SSDT', 'INSYDE', Rev: 2, Len: 2725
8:545  0:000    13. 8AFDD000: 'ASF!', 'INSYDE', Rev: 32, Len: 165
8:545  0:000    14. 8AFDC000: 'ASPT', 'INSYDE', Rev: 7, Len: 52
8:545  0:000    15. 8AFDB000: 'BOOT', 'INSYDE', Rev: 1, Len: 40
8:545  0:000    16. 8AFDA000: 'DBGP', 'SLIC-MPC', Rev: 1, Len: 52
8:545  0:000    17. 8AFD8000: 'HPET', 'INSYDE', Rev: 1, Len: 56
8:545  0:000    18. 8AFD7000: 'APIC', 'SLIC-MPC', Rev: 3, Len: 300
8:545  0:000    19. 8AFD6000: 'MCFG', 'INSYDE', Rev: 1, Len: 60
8:545  0:000    20. 8AFB1000: 'SSDT', 'INSYDE', Rev: 2, Len: 1303
8:545  0:000    21. 8AFB0000: 'SSDT', 'INSYDE', Rev: 2, Len: 2427
8:545  0:000    22. 8AFAF000: 'LPIT', 'INSYDE', Rev: 1, Len: 148
8:545  0:000    23. 8AFAE000: 'WSMT', 'INSYDE', Rev: 1, Len: 40
8:545  0:000    24. 8AFAD000: 'SSDT', 'INSYDE', Rev: 2, Len: 671
8:545  0:000    25. 8AFAC000: 'SSDT', 'INSYDE', Rev: 1, Len: 838
8:545  0:000    26. 8AFA8000: 'SSDT', 'INSYDE', Rev: 2, Len: 12290
8:545  0:000    27. 8AFA7000: 'SSDT', 'INSYDE', Rev: 2, Len: 1310
8:545  0:000    28. 8AFA6000: 'DBGP', 'SLIC-MPC', Rev: 1, Len: 52
8:545  0:000    29. 8AFA5000: 'DBG2', 'INSYDE', Rev: 0, Len: 84
8:545  0:000    30. 8AFA3000: 'SSDT', 'INSYDE', Rev: 2, Len: 4838
8:545  0:000    31. 8AFA1000: 'SSDT', 'INSYDE', Rev: 2, Len: 6062
8:545  0:000    32. 8AFA0000: 'UEFI', 'INSYDE', Rev: 1, Len: 1594
8:545  0:000    33. 8AF9F000: 'UEFI', 'INSYDE', Rev: 1, Len: 92
8:545  0:000    34. 8AF9E000: 'DMAR', 'INSYDE', Rev: 1, Len: 168
8:545  0:000    35. 8AF9D000: 'FPDT', 'SLIC-MPC', Rev: 1, Len: 68
8:545  0:000    36. 8AF9C000: 'BGRT', 'INSYDE', Rev: 1, Len: 56
10:108  1:563  Boot option Boot0000 not found
10:108  0:000  === [ StartLoader ] =======================================
10:108  0:000  Finally: ExternalClock=25MHz BusSpeed=99819kHz CPUFreq=1797MHz PIS: hw.busfrequency=100000000Hz
10:108  0:000  Loading boot.efi  status=Success
10:185  0:077  GetOSVersion: 10.14.2 (18C54)
10:185  0:000  CSR_CFG: CSR_ALLOW_UNTRUSTED_KEXTS | CSR_ALLOW_UNRESTRICTED_FS | CSR_ALLOW_TASK_FOR_PID | CSR_ALLOW_UNRESTRICTED_DTRACE | CSR_ALLOW_UNRESTRICTED_NVRAM
10:185  0:000  Filtering KextPatches:
10:185  0:000   - [00]: com.apple.driver.AppleIntelLpssI2C (Prevent Apple I2C kexts from attaching to I2C controllers, credit CoolStar) :: PlistPatch :: [OS: 10.14.2 | MatchOS: 10.14.x | MatchBuild: All] ==> allowed
10:185  0:000   - [01]: com.apple.driver.AppleIntelLpssI2CController (Prevent Apple I2C kexts from attaching to I2C controllers, credit CoolStar) :: PlistPatch :: [OS: 10.14.2 | MatchOS: 10.14.x | MatchBuild: All] ==> allowed
10:185  0:000   - [02]: com.apple.driver.AppleHDA (Zeroing 10ec0261 codec (patched by AppleHDA Patcher.app)) :: BinPatch :: [OS: 10.14.2 | MatchOS: All | MatchBuild: All] ==> allowed
10:185  0:000   - [03]: com.apple.driver.AppleHDA (Zeroing 10ec0262 codec (patched by AppleHDA Patcher.app)) :: BinPatch :: [OS: 10.14.2 | MatchOS: All | MatchBuild: All] ==> allowed
10:185  0:000   - [04]: com.apple.driver.AppleHDA (Zeroing 10ec0885 codec (patched by AppleHDA Patcher.app)) :: BinPatch :: [OS: 10.14.2 | MatchOS: All | MatchBuild: All] ==> allowed
10:185  0:000   - [05]: com.apple.driver.AppleHDA (Patching 11d41984 with 10ec0236 codec (patched by AppleHDA Patcher.app)) :: BinPatch :: [OS: 10.14.2 | MatchOS: All | MatchBuild: All] ==> allowed
10:185  0:000   - [06]: com.apple.driver.usb.AppleUSBXHCI (Usb Patch) :: BinPatch :: [OS: 10.14.2 | MatchOS: All | MatchBuild: All] ==> allowed
10:185  0:000  Filtering KernelPatches:
10:185  0:000   - [00]: MSR 0xE2 _xcpm_idle instant reboot(c) Pike R. Alpha :: [OS: 10.14.2 | MatchOS: All | MatchBuild: no] ==> allowed by OS
10:185  0:000   - [01]: Disable panic kext logging on 10.13 release kernel (credit Vandroiy) :: [OS: 10.14.2 | MatchOS: 10.13.x | MatchBuild: no] ==> not allowed by OS
10:185  0:000   - [02]: Disable panic kext logging on 10.14 release kernel (credit Vandroiy) :: [OS: 10.14.2 | MatchOS: 10.14.x | MatchBuild: no] ==> allowed by OS
10:185  0:000  Will not patch boot.efi
10:185  0:000  === [ PatchSmbios ] =======================================
10:185  0:000  insert table 9 for dev 0:0
10:185  0:000  insert table 9 for dev 0:0
10:187  0:001  Trusting SMBIOS...
10:187  0:000  Channels: 1
10:187  0:000  Interleave: 0 1 2 3 4 5 6 7 8 9 10 11 12 13 14 15 16 17 18 19 20 21 22 23
10:187  0:000   partNum=RMSA3260NA78HAF-2400
10:187  0:000  SMBIOS Type 17 Index = 0 => 0 0:
10:187  0:000  BANK 0 DIMM0 2400MHz 8192MB
10:187  0:000  SMBIOS Type 17 Index = 1 => 1 1:
10:187  0:000  BANK 0 DIMM1 EMPTY
10:187  0:000  mTotalSystemMemory = 8192
10:187  0:000  NumberOfMemoryDevices = 2
10:187  0:000  Type20[0]->End = 0x7FFFFF, Type17[0] = 0x2000
10:187  0:000  Table 131 is present, CPUType=31
10:187  0:000  Change to: 605
10:187  0:000  === [ PatchACPI ] =========================================
10:187  0:000  Xsdt reallocation done
10:187  0:000  old FADT length=10C
10:187  0:000   SignatureFixup: 0xFE5B7764 -> 0x0
10:187  0:000  DSDT found in Clover volume OEM folder: EFI\CLOVER\ACPI\patched\DSDT.aml
10:188  0:001  Apply DsdtFixMask=0x40060050
10:188  0:000     drop _DSM mask=0x0000
10:188  0:000  === [ FixBiosDsdt ] =======================================
10:188  0:000  Patching DSDT:
10:188  0:000   - [change _OSI to XOSI]: pattern 5F4F5349, patched at: [ (13B35) (3) (11) (18) (1C) (1C) (1A) (18) (18) (18) (18) (2BD3) ]
10:189  0:000   - [change _DSM to XDSM]: pattern 5F44534D, patched at: [ (3919) (13CC) (11F) (54) (EC5) (145) (6) (91F) (11) (53) (22) (23) (141) (36) (12A) (3A0) (3A0) (3A0) (39C) (39C) (3A0) (3A0) (3A0) (3A0) (3A0) (3A0) (3A0) (3A0) (3A0) (3A0) (3A0) (3A0) (3A0) (3A0) (3A0) (3A0) (3A0) (3A0) (29A) (2353) (D3) (D3) (D3) (D3) (D3) (BE) (BE) (CC) (104) (104) (3C1) (EAF) (1A4) (9E) (58) (10F20) (D2E) ]
10:189  0:000   - [change SAT0 to SATA]: pattern 53415430, patched at: [ (9FE) (365) (E) (E) (B3BC) (30) (12DC1) (3F) (155E) (4F0) (20) (20) (20) (20) (20) (20) (20) (20) (20) (112) (29) (2E) (2E) (2E) (2E) (1182) (121) ]
10:189  0:000   - [change HDAS to HDEF]: pattern 48444153, patched at: [ (348) (12) (12) (4736) (1B3D) (84) (D) (2B) (32) (4F) (6F) (C4) (18770) (15B0) ]
10:190  0:000   - [change HECI to IMEI]: pattern 48454349, patched at: [ (10257) (109B3) ]
10:190  0:000   - [change GFX0 to IGPU]: pattern 47465830, patched at: [ (22E) (E) (12) (12) (12) (12) (12) (12) (12) (12) (12) (12) (12) (35CC) (CA8A) (15) (118A) (12) (16) (5F1) (596) (81) (19) (19) (19) (19) (19) (19) (19) (19) (19) (19) (10) (1CB) (E5C) (1D) (1862) (27) (1E4B) (15DF) (14) (6EF5) (15F1) ]
10:190  0:000   - [change Method(GPRW,2,N) to XPRW, pair with SSDT-GPRW.aml]: pattern 47505257, patched at: [ (140B6) ]
10:191  0:000   - [change Method(_PTS,1,N) to ZPTS, pair with SSDT-PTSWAK.aml]: pattern 5F505453, patched at: [ (12EEE) ]
10:191  0:000   - [change Method(_Q1C,0,N) to XQ1C]: pattern 5F513143, bin not found / already patched!
10:191  0:000   - [change Method(_Q1D,0,N) to XQ1D]: pattern 5F513144, bin not found / already patched!
10:192  0:000   - [change Method(_Q3D,0,N) to XQ3D]: pattern 5F513344, patched at: [ (11639) ]
10:192  0:000   - [change Method(_Q28,0,N) to XQ28]: pattern 5F513238, bin not found / already patched!
10:192  0:000   - [change Method(_Q2E,0,N) to XQ2E]: pattern 5F513245, bin not found / already patched!
10:193  0:000   - [Rename TPD0._CRS to XCRS]: - [Rename TPD0._DSM to XDSM]:  0 replacements
10:197  0:004  found RTC Length not match, Maybe will cause CMOS reset, will patch it.
10:197  0:000  found RTC had IRQNoFlag will move -3 bytes
10:198  0:001  found PIC had IRQNoFlag will move -3 bytes
10:198  0:000  Start HPET Fix
10:199  0:001  Start Mutex Fix
10:200  0:000  PreCleanup XSDT: count=37, length=332
10:200  0:000  PreCleanup XSDT, corrected XSDT: count=37, length=332
10:200  0:000  === [ ACPIPatchedAML ] ====================================
10:200  0:000  AutoMerge pass 1
10:200  0:000  Unsorted
10:200  0:000  Inserting SSDT-ELAN.aml from EFI\CLOVER\ACPI\patched: ignore on pass 1
10:200  0:000  Inserting SSDT-XOSI.aml from EFI\CLOVER\ACPI\patched: ignore on pass 1
10:200  0:000  Inserting SSDT-XHC.aml from EFI\CLOVER\ACPI\patched: ignore on pass 1
10:200  0:000  Inserting SSDT-Usb.aml from EFI\CLOVER\ACPI\patched: ignore on pass 1
10:200  0:000  Inserting SSDT-DMAC.aml from EFI\CLOVER\ACPI\patched: ignore on pass 1
10:200  0:000  Inserting SSDT-SBUS.aml from EFI\CLOVER\ACPI\patched: ignore on pass 1
10:200  0:000  Inserting SSDT-PNLF.aml from EFI\CLOVER\ACPI\patched: ignore on pass 1
10:200  0:000  Inserting SSDT-i2cx.aml from EFI\CLOVER\ACPI\patched: ignore on pass 1
10:200  0:000  === [ ACPIDropTables ] ====================================
10:200  0:000  Drop tables from XSDT, SIGN=DMAR TableID=INSYDE   Length=168
10:200  0:000   Table[34]: DMAR  INSYDE    168 dropped
10:200  0:000  0. [change _OSI to XOSI]: pattern 5F4F5349, bin not found / already patched!
10:200  0:000  1. [change _DSM to XDSM]: pattern 5F44534D, bin not found / already patched!
10:200  0:000  2. [change SAT0 to SATA]: pattern 53415430, bin not found / already patched!
10:200  0:000  3. [change HDAS to HDEF]: pattern 48444153, bin not found / already patched!
10:200  0:000  4. [change HECI to IMEI]: pattern 48454349, bin not found / already patched!
10:200  0:000  5. [change GFX0 to IGPU]: pattern 47465830, bin not found / already patched!
10:200  0:000  6. [change Method(GPRW,2,N) to XPRW, pair with SSDT-GPRW.aml]: pattern 47505257, bin not found / already patched!
10:200  0:000  7. [change Method(_PTS,1,N) to ZPTS, pair with SSDT-PTSWAK.aml]: pattern 5F505453, bin not found / already patched!
10:200  0:000  8. [change Method(_Q1C,0,N) to XQ1C]: pattern 5F513143, bin not found / already patched!
10:200  0:000  9. [change Method(_Q1D,0,N) to XQ1D]: pattern 5F513144, bin not found / already patched!
10:200  0:000  10. [change Method(_Q3D,0,N) to XQ3D]: pattern 5F513344, bin not found / already patched!
10:200  0:000  11. [change Method(_Q28,0,N) to XQ28]: pattern 5F513238, bin not found / already patched!
10:200  0:000  12. [change Method(_Q2E,0,N) to XQ2E]: pattern 5F513245, bin not found / already patched!
10:200  0:000  13. [Rename TPD0._CRS to XCRS]: pattern 5F435253, bin not found / already patched!
10:201  0:000  14. [Rename TPD0._DSM to XDSM]: pattern 5F44534D, bin not found / already patched!
10:201  0:000    0 replacements
10:201  0:000  Found OperationRegion(HNVS, SystemMemory, 8AF6E000, ...)
10:201  0:000  0. [change _OSI to XOSI]: pattern 5F4F5349, bin not found / already patched!
10:201  0:000  1. [change _DSM to XDSM]: pattern 5F44534D, patched at: [ (425) ]
10:201  0:000  2. [change SAT0 to SATA]: pattern 53415430, bin not found / already patched!
10:201  0:000  3. [change HDAS to HDEF]: pattern 48444153, bin not found / already patched!
10:201  0:000  4. [change HECI to IMEI]: pattern 48454349, bin not found / already patched!
10:201  0:000  5. [change GFX0 to IGPU]: pattern 47465830, bin not found / already patched!
10:201  0:000  6. [change Method(GPRW,2,N) to XPRW, pair with SSDT-GPRW.aml]: pattern 47505257, bin not found / already patched!
10:201  0:000  7. [change Method(_PTS,1,N) to ZPTS, pair with SSDT-PTSWAK.aml]: pattern 5F505453, bin not found / already patched!
10:201  0:000  8. [change Method(_Q1C,0,N) to XQ1C]: pattern 5F513143, bin not found / already patched!
10:201  0:000  9. [change Method(_Q1D,0,N) to XQ1D]: pattern 5F513144, bin not found / already patched!
10:201  0:000  10. [change Method(_Q3D,0,N) to XQ3D]: pattern 5F513344, bin not found / already patched!
10:201  0:000  11. [change Method(_Q28,0,N) to XQ28]: pattern 5F513238, bin not found / already patched!
10:201  0:000  12. [change Method(_Q2E,0,N) to XQ2E]: pattern 5F513245, bin not found / already patched!
10:201  0:000  13. [Rename TPD0._CRS to XCRS]: pattern 5F435253, patched at: [ (63) ]
10:201  0:000  14. [Rename TPD0._DSM to XDSM]: pattern 5F44534D, bin not found / already patched!
10:201  0:000    0 replacements
10:201  0:000  Found OperationRegion(FHCI, SystemMemory, FED40000, ...)
10:201  0:000  Found OperationRegion(TNVS, SystemMemory, 8AF6B000, ...)
10:201  0:000  0. [change _OSI to XOSI]: pattern 5F4F5349, bin not found / already patched!
10:201  0:000  1. [change _DSM to XDSM]: pattern 5F44534D, bin not found / already patched!
10:201  0:000  2. [change SAT0 to SATA]: pattern 53415430, bin not found / already patched!
10:201  0:000  3. [change HDAS to HDEF]: pattern 48444153, bin not found / already patched!
10:201  0:000  4. [change HECI to IMEI]: pattern 48454349, bin not found / already patched!
10:201  0:000  5. [change GFX0 to IGPU]: pattern 47465830, bin not found / already patched!
10:201  0:000  6. [change Method(GPRW,2,N) to XPRW, pair with SSDT-GPRW.aml]: pattern 47505257, bin not found / already patched!
10:201  0:000  7. [change Method(_PTS,1,N) to ZPTS, pair with SSDT-PTSWAK.aml]: pattern 5F505453, bin not found / already patched!
10:201  0:000  8. [change Method(_Q1C,0,N) to XQ1C]: pattern 5F513143, bin not found / already patched!
10:201  0:000  9. [change Method(_Q1D,0,N) to XQ1D]: pattern 5F513144, bin not found / already patched!
10:201  0:000  10. [change Method(_Q3D,0,N) to XQ3D]: pattern 5F513344, bin not found / already patched!
10:201  0:000  11. [change Method(_Q28,0,N) to XQ28]: pattern 5F513238, bin not found / already patched!
10:201  0:000  12. [change Method(_Q2E,0,N) to XQ2E]: pattern 5F513245, bin not found / already patched!
10:201  0:000  13. [Rename TPD0._CRS to XCRS]: pattern 5F435253, bin not found / already patched!
10:201  0:000  14. [Rename TPD0._DSM to XDSM]: pattern 5F44534D, bin not found / already patched!
10:201  0:000    0 replacements
10:201  0:000  Found OperationRegion(MENV, SystemMemory, 8AF70FD8, ...)
10:201  0:000  0. [change _OSI to XOSI]: pattern 5F4F5349, bin not found / already patched!
10:201  0:000  1. [change _DSM to XDSM]: pattern 5F44534D, patched at: [ (2B60) ]
10:201  0:000  2. [change SAT0 to SATA]: pattern 53415430, bin not found / already patched!
10:201  0:000  3. [change HDAS to HDEF]: pattern 48444153, bin not found / already patched!
10:201  0:000  4. [change HECI to IMEI]: pattern 48454349, bin not found / already patched!
10:201  0:000  5. [change GFX0 to IGPU]: pattern 47465830, patched at: [ (2D) (E) (60) (26B) (1BD0) (A3A) (1D) (6EC) ]
10:201  0:000  6. [change Method(GPRW,2,N) to XPRW, pair with SSDT-GPRW.aml]: pattern 47505257, bin not found / already patched!
10:201  0:000  7. [change Method(_PTS,1,N) to ZPTS, pair with SSDT-PTSWAK.aml]: pattern 5F505453, bin not found / already patched!
10:201  0:000  8. [change Method(_Q1C,0,N) to XQ1C]: pattern 5F513143, bin not found / already patched!
10:201  0:000  9. [change Method(_Q1D,0,N) to XQ1D]: pattern 5F513144, bin not found / already patched!
10:201  0:000  10. [change Method(_Q3D,0,N) to XQ3D]: pattern 5F513344, bin not found / already patched!
10:201  0:000  11. [change Method(_Q28,0,N) to XQ28]: pattern 5F513238, bin not found / already patched!
10:201  0:000  12. [change Method(_Q2E,0,N) to XQ2E]: pattern 5F513245, bin not found / already patched!
10:201  0:000  13. [Rename TPD0._CRS to XCRS]: pattern 5F435253, bin not found / already patched!
10:201  0:000  14. [Rename TPD0._DSM to XDSM]: pattern 5F44534D, bin not found / already patched!
10:201  0:000    0 replacements
10:201  0:000  Found OperationRegion(SANV, SystemMemory, 8AF6ABD8, ...)
10:201  0:000  0. [change _OSI to XOSI]: pattern 5F4F5349, bin not found / already patched!
10:201  0:000  1. [change _DSM to XDSM]: pattern 5F44534D, patched at: [ (102C) ]
10:202  0:000  2. [change SAT0 to SATA]: pattern 53415430, bin not found / already patched!
10:202  0:000  3. [change HDAS to HDEF]: pattern 48444153, bin not found / already patched!
10:202  0:000  4. [change HECI to IMEI]: pattern 48454349, bin not found / already patched!
10:202  0:000  5. [change GFX0 to IGPU]: pattern 47465830, patched at: [ (EF8) (16) (16) (16) (3907) (15) (25) (14) (1F) (15) (22) (15) ]
10:202  0:000  6. [change Method(GPRW,2,N) to XPRW, pair with SSDT-GPRW.aml]: pattern 47505257, bin not found / already patched!
10:202  0:000  7. [change Method(_PTS,1,N) to ZPTS, pair with SSDT-PTSWAK.aml]: pattern 5F505453, bin not found / already patched!
10:202  0:000  8. [change Method(_Q1C,0,N) to XQ1C]: pattern 5F513143, bin not found / already patched!
10:202  0:000  9. [change Method(_Q1D,0,N) to XQ1D]: pattern 5F513144, bin not found / already patched!
10:203  0:000  10. [change Method(_Q3D,0,N) to XQ3D]: pattern 5F513344, bin not found / already patched!
10:203  0:000  11. [change Method(_Q28,0,N) to XQ28]: pattern 5F513238, bin not found / already patched!
10:203  0:000  12. [change Method(_Q2E,0,N) to XQ2E]: pattern 5F513245, bin not found / already patched!
10:203  0:000  13. [Rename TPD0._CRS to XCRS]: pattern 5F435253, bin not found / already patched!
10:203  0:000  14. [Rename TPD0._DSM to XDSM]: pattern 5F44534D, bin not found / already patched!
10:203  0:000    0 replacements
10:203  0:000  0. [change _OSI to XOSI]: pattern 5F4F5349, bin not found / already patched!
10:203  0:000  1. [change _DSM to XDSM]: pattern 5F44534D, bin not found / already patched!
10:203  0:000  2. [change SAT0 to SATA]: pattern 53415430, bin not found / already patched!
10:203  0:000  3. [change HDAS to HDEF]: pattern 48444153, bin not found / already patched!
10:203  0:000  4. [change HECI to IMEI]: pattern 48454349, bin not found / already patched!
10:203  0:000  5. [change GFX0 to IGPU]: pattern 47465830, bin not found / already patched!
10:203  0:000  6. [change Method(GPRW,2,N) to XPRW, pair with SSDT-GPRW.aml]: pattern 47505257, bin not found / already patched!
10:203  0:000  7. [change Method(_PTS,1,N) to ZPTS, pair with SSDT-PTSWAK.aml]: pattern 5F505453, bin not found / already patched!
10:203  0:000  8. [change Method(_Q1C,0,N) to XQ1C]: pattern 5F513143, bin not found / already patched!
10:203  0:000  9. [change Method(_Q1D,0,N) to XQ1D]: pattern 5F513144, bin not found / already patched!
10:203  0:000  10. [change Method(_Q3D,0,N) to XQ3D]: pattern 5F513344, bin not found / already patched!
10:203  0:000  11. [change Method(_Q28,0,N) to XQ28]: pattern 5F513238, bin not found / already patched!
10:203  0:000  12. [change Method(_Q2E,0,N) to XQ2E]: pattern 5F513245, bin not found / already patched!
10:203  0:000  13. [Rename TPD0._CRS to XCRS]: pattern 5F435253, bin not found / already patched!
10:203  0:000  14. [Rename TPD0._DSM to XDSM]: pattern 5F44534D, bin not found / already patched!
10:203  0:000    0 replacements
10:203  0:000  0. [change _OSI to XOSI]: pattern 5F4F5349, bin not found / already patched!
10:203  0:000  1. [change _DSM to XDSM]: pattern 5F44534D, bin not found / already patched!
10:203  0:000  2. [change SAT0 to SATA]: pattern 53415430, bin not found / already patched!
10:203  0:000  3. [change HDAS to HDEF]: pattern 48444153, bin not found / already patched!
10:203  0:000  4. [change HECI to IMEI]: pattern 48454349, bin not found / already patched!
10:203  0:000  5. [change GFX0 to IGPU]: pattern 47465830, bin not found / already patched!
10:203  0:000  6. [change Method(GPRW,2,N) to XPRW, pair with SSDT-GPRW.aml]: pattern 47505257, bin not found / already patched!
10:203  0:000  7. [change Method(_PTS,1,N) to ZPTS, pair with SSDT-PTSWAK.aml]: pattern 5F505453, bin not found / already patched!
10:203  0:000  8. [change Method(_Q1C,0,N) to XQ1C]: pattern 5F513143, bin not found / already patched!
10:203  0:000  9. [change Method(_Q1D,0,N) to XQ1D]: pattern 5F513144, bin not found / already patched!
10:203  0:000  10. [change Method(_Q3D,0,N) to XQ3D]: pattern 5F513344, bin not found / already patched!
10:203  0:000  11. [change Method(_Q28,0,N) to XQ28]: pattern 5F513238, bin not found / already patched!
10:203  0:000  12. [change Method(_Q2E,0,N) to XQ2E]: pattern 5F513245, bin not found / already patched!
10:203  0:000  13. [Rename TPD0._CRS to XCRS]: pattern 5F435253, bin not found / already patched!
10:203  0:000  14. [Rename TPD0._DSM to XDSM]: pattern 5F44534D, bin not found / already patched!
10:203  0:000    0 replacements
10:204  0:000  0. [change _OSI to XOSI]: pattern 5F4F5349, bin not found / already patched!
10:204  0:000  1. [change _DSM to XDSM]: pattern 5F44534D, bin not found / already patched!
10:204  0:000  2. [change SAT0 to SATA]: pattern 53415430, bin not found / already patched!
10:204  0:000  3. [change HDAS to HDEF]: pattern 48444153, bin not found / already patched!
10:204  0:000  4. [change HECI to IMEI]: pattern 48454349, bin not found / already patched!
10:204  0:000  5. [change GFX0 to IGPU]: pattern 47465830, bin not found / already patched!
10:204  0:000  6. [change Method(GPRW,2,N) to XPRW, pair with SSDT-GPRW.aml]: pattern 47505257, bin not found / already patched!
10:204  0:000  7. [change Method(_PTS,1,N) to ZPTS, pair with SSDT-PTSWAK.aml]: pattern 5F505453, bin not found / already patched!
10:204  0:000  8. [change Method(_Q1C,0,N) to XQ1C]: pattern 5F513143, bin not found / already patched!
10:204  0:000  9. [change Method(_Q1D,0,N) to XQ1D]: pattern 5F513144, bin not found / already patched!
10:204  0:000  10. [change Method(_Q3D,0,N) to XQ3D]: pattern 5F513344, bin not found / already patched!
10:204  0:000  11. [change Method(_Q28,0,N) to XQ28]: pattern 5F513238, bin not found / already patched!
10:204  0:000  12. [change Method(_Q2E,0,N) to XQ2E]: pattern 5F513245, bin not found / already patched!
10:204  0:000  13. [Rename TPD0._CRS to XCRS]: pattern 5F435253, bin not found / already patched!
10:204  0:000  14. [Rename TPD0._DSM to XDSM]: pattern 5F44534D, bin not found / already patched!
10:204  0:000    0 replacements
10:204  0:000  0. [change _OSI to XOSI]: pattern 5F4F5349, bin not found / already patched!
10:204  0:000  1. [change _DSM to XDSM]: pattern 5F44534D, bin not found / already patched!
10:204  0:000  2. [change SAT0 to SATA]: pattern 53415430, bin not found / already patched!
10:204  0:000  3. [change HDAS to HDEF]: pattern 48444153, bin not found / already patched!
10:204  0:000  4. [change HECI to IMEI]: pattern 48454349, bin not found / already patched!
10:204  0:000  5. [change GFX0 to IGPU]: pattern 47465830, bin not found / already patched!
10:204  0:000  6. [change Method(GPRW,2,N) to XPRW, pair with SSDT-GPRW.aml]: pattern 47505257, bin not found / already patched!
10:204  0:000  7. [change Method(_PTS,1,N) to ZPTS, pair with SSDT-PTSWAK.aml]: pattern 5F505453, bin not found / already patched!
10:204  0:000  8. [change Method(_Q1C,0,N) to XQ1C]: pattern 5F513143, bin not found / already patched!
10:204  0:000  9. [change Method(_Q1D,0,N) to XQ1D]: pattern 5F513144, bin not found / already patched!
10:204  0:000  10. [change Method(_Q3D,0,N) to XQ3D]: pattern 5F513344, bin not found / already patched!
10:204  0:000  11. [change Method(_Q28,0,N) to XQ28]: pattern 5F513238, bin not found / already patched!
10:204  0:000  12. [change Method(_Q2E,0,N) to XQ2E]: pattern 5F513245, bin not found / already patched!
10:204  0:000  13. [Rename TPD0._CRS to XCRS]: pattern 5F435253, bin not found / already patched!
10:204  0:000  14. [Rename TPD0._DSM to XDSM]: pattern 5F44534D, bin not found / already patched!
10:204  0:000    0 replacements
10:204  0:000  0. [change _OSI to XOSI]: pattern 5F4F5349, bin not found / already patched!
10:204  0:000  1. [change _DSM to XDSM]: pattern 5F44534D, patched at: [ (A5) ]
10:204  0:000  2. [change SAT0 to SATA]: pattern 53415430, bin not found / already patched!
10:204  0:000  3. [change HDAS to HDEF]: pattern 48444153, bin not found / already patched!
10:204  0:000  4. [change HECI to IMEI]: pattern 48454349, bin not found / already patched!
10:204  0:000  5. [change GFX0 to IGPU]: pattern 47465830, bin not found / already patched!
10:204  0:000  6. [change Method(GPRW,2,N) to XPRW, pair with SSDT-GPRW.aml]: pattern 47505257, bin not found / already patched!
10:204  0:000  7. [change Method(_PTS,1,N) to ZPTS, pair with SSDT-PTSWAK.aml]: pattern 5F505453, bin not found / already patched!
10:204  0:000  8. [change Method(_Q1C,0,N) to XQ1C]: pattern 5F513143, bin not found / already patched!
10:204  0:000  9. [change Method(_Q1D,0,N) to XQ1D]: pattern 5F513144, bin not found / already patched!
10:204  0:000  10. [change Method(_Q3D,0,N) to XQ3D]: pattern 5F513344, bin not found / already patched!
10:204  0:000  11. [change Method(_Q28,0,N) to XQ28]: pattern 5F513238, bin not found / already patched!
10:204  0:000  12. [change Method(_Q2E,0,N) to XQ2E]: pattern 5F513245, bin not found / already patched!
10:204  0:000  13. [Rename TPD0._CRS to XCRS]: pattern 5F435253, bin not found / already patched!
10:204  0:000  14. [Rename TPD0._DSM to XDSM]: pattern 5F44534D, bin not found / already patched!
10:204  0:000    0 replacements
10:204  0:000  0. [change _OSI to XOSI]: pattern 5F4F5349, bin not found / already patched!
10:204  0:000  1. [change _DSM to XDSM]: pattern 5F44534D, patched at: [ (D3) ]
10:204  0:000  2. [change SAT0 to SATA]: pattern 53415430, bin not found / already patched!
10:204  0:000  3. [change HDAS to HDEF]: pattern 48444153, bin not found / already patched!
10:204  0:000  4. [change HECI to IMEI]: pattern 48454349, bin not found / already patched!
10:204  0:000  5. [change GFX0 to IGPU]: pattern 47465830, bin not found / already patched!
10:204  0:000  6. [change Method(GPRW,2,N) to XPRW, pair with SSDT-GPRW.aml]: pattern 47505257, bin not found / already patched!
10:204  0:000  7. [change Method(_PTS,1,N) to ZPTS, pair with SSDT-PTSWAK.aml]: pattern 5F505453, bin not found / already patched!
10:204  0:000  8. [change Method(_Q1C,0,N) to XQ1C]: pattern 5F513143, bin not found / already patched!
10:204  0:000  9. [change Method(_Q1D,0,N) to XQ1D]: pattern 5F513144, bin not found / already patched!
10:204  0:000  10. [change Method(_Q3D,0,N) to XQ3D]: pattern 5F513344, bin not found / already patched!
10:204  0:000  11. [change Method(_Q28,0,N) to XQ28]: pattern 5F513238, bin not found / already patched!
10:204  0:000  12. [change Method(_Q2E,0,N) to XQ2E]: pattern 5F513245, bin not found / already patched!
10:204  0:000  13. [Rename TPD0._CRS to XCRS]: pattern 5F435253, bin not found / already patched!
10:204  0:000  14. [Rename TPD0._DSM to XDSM]: pattern 5F44534D, bin not found / already patched!
10:204  0:000    0 replacements
10:204  0:000  0. [change _OSI to XOSI]: pattern 5F4F5349, bin not found / already patched!
10:204  0:000  1. [change _DSM to XDSM]: pattern 5F44534D, bin not found / already patched!
10:204  0:000  2. [change SAT0 to SATA]: pattern 53415430, bin not found / already patched!
10:204  0:000  3. [change HDAS to HDEF]: pattern 48444153, bin not found / already patched!
10:204  0:000  4. [change HECI to IMEI]: pattern 48454349, bin not found / already patched!
10:204  0:000  5. [change GFX0 to IGPU]: pattern 47465830, bin not found / already patched!
10:204  0:000  6. [change Method(GPRW,2,N) to XPRW, pair with SSDT-GPRW.aml]: pattern 47505257, bin not found / already patched!
10:204  0:000  7. [change Method(_PTS,1,N) to ZPTS, pair with SSDT-PTSWAK.aml]: pattern 5F505453, bin not found / already patched!
10:204  0:000  8. [change Method(_Q1C,0,N) to XQ1C]: pattern 5F513143, bin not found / already patched!
10:204  0:000  9. [change Method(_Q1D,0,N) to XQ1D]: pattern 5F513144, bin not found / already patched!
10:204  0:000  10. [change Method(_Q3D,0,N) to XQ3D]: pattern 5F513344, bin not found / already patched!
10:204  0:000  11. [change Method(_Q28,0,N) to XQ28]: pattern 5F513238, bin not found / already patched!
10:204  0:000  12. [change Method(_Q2E,0,N) to XQ2E]: pattern 5F513245, bin not found / already patched!
10:205  0:000  13. [Rename TPD0._CRS to XCRS]: pattern 5F435253, bin not found / already patched!
10:205  0:000  14. [Rename TPD0._DSM to XDSM]: pattern 5F44534D, bin not found / already patched!
10:205  0:000    0 replacements
10:205  0:000  0. [change _OSI to XOSI]: pattern 5F4F5349, bin not found / already patched!
10:205  0:000  1. [change _DSM to XDSM]: pattern 5F44534D, patched at: [ (B6) (1F8) ]
10:205  0:000  2. [change SAT0 to SATA]: pattern 53415430, patched at: [ (20) (12) (71) (1F8) (254) ]
10:205  0:000  3. [change HDAS to HDEF]: pattern 48444153, bin not found / already patched!
10:205  0:000  4. [change HECI to IMEI]: pattern 48454349, bin not found / already patched!
10:205  0:000  5. [change GFX0 to IGPU]: pattern 47465830, bin not found / already patched!
10:205  0:000  6. [change Method(GPRW,2,N) to XPRW, pair with SSDT-GPRW.aml]: pattern 47505257, bin not found / already patched!
10:205  0:000  7. [change Method(_PTS,1,N) to ZPTS, pair with SSDT-PTSWAK.aml]: pattern 5F505453, bin not found / already patched!
10:205  0:000  8. [change Method(_Q1C,0,N) to XQ1C]: pattern 5F513143, bin not found / already patched!
10:205  0:000  9. [change Method(_Q1D,0,N) to XQ1D]: pattern 5F513144, bin not found / already patched!
10:205  0:000  10. [change Method(_Q3D,0,N) to XQ3D]: pattern 5F513344, bin not found / already patched!
10:205  0:000  11. [change Method(_Q28,0,N) to XQ28]: pattern 5F513238, bin not found / already patched!
10:205  0:000  12. [change Method(_Q2E,0,N) to XQ2E]: pattern 5F513245, bin not found / already patched!
10:205  0:000  13. [Rename TPD0._CRS to XCRS]: pattern 5F435253, bin not found / already patched!
10:205  0:000  14. [Rename TPD0._DSM to XDSM]: pattern 5F44534D, bin not found / already patched!
10:205  0:000    0 replacements
10:205  0:000  0. [change _OSI to XOSI]: pattern 5F4F5349, bin not found / already patched!
10:205  0:000  1. [change _DSM to XDSM]: pattern 5F44534D, patched at: [ (7B1) ]
10:205  0:000  2. [change SAT0 to SATA]: pattern 53415430, bin not found / already patched!
10:205  0:000  3. [change HDAS to HDEF]: pattern 48444153, bin not found / already patched!
10:205  0:000  4. [change HECI to IMEI]: pattern 48454349, bin not found / already patched!
10:205  0:000  5. [change GFX0 to IGPU]: pattern 47465830, bin not found / already patched!
10:205  0:000  6. [change Method(GPRW,2,N) to XPRW, pair with SSDT-GPRW.aml]: pattern 47505257, bin not found / already patched!
10:205  0:000  7. [change Method(_PTS,1,N) to ZPTS, pair with SSDT-PTSWAK.aml]: pattern 5F505453, bin not found / already patched!
10:205  0:000  8. [change Method(_Q1C,0,N) to XQ1C]: pattern 5F513143, bin not found / already patched!
10:205  0:000  9. [change Method(_Q1D,0,N) to XQ1D]: pattern 5F513144, bin not found / already patched!
10:205  0:000  10. [change Method(_Q3D,0,N) to XQ3D]: pattern 5F513344, bin not found / already patched!
10:205  0:000  11. [change Method(_Q28,0,N) to XQ28]: pattern 5F513238, bin not found / already patched!
10:205  0:000  12. [change Method(_Q2E,0,N) to XQ2E]: pattern 5F513245, bin not found / already patched!
10:205  0:000  13. [Rename TPD0._CRS to XCRS]: pattern 5F435253, patched at: [ (676) ]
10:205  0:000  14. [Rename TPD0._DSM to XDSM]: pattern 5F44534D, bin not found / already patched!
10:205  0:000    0 replacements
10:205  0:000  0. [change _OSI to XOSI]: pattern 5F4F5349, bin not found / already patched!
10:205  0:000  1. [change _DSM to XDSM]: pattern 5F44534D, bin not found / already patched!
10:205  0:000  2. [change SAT0 to SATA]: pattern 53415430, bin not found / already patched!
10:205  0:000  3. [change HDAS to HDEF]: pattern 48444153, bin not found / already patched!
10:205  0:000  4. [change HECI to IMEI]: pattern 48454349, bin not found / already patched!
10:205  0:000  5. [change GFX0 to IGPU]: pattern 47465830, bin not found / already patched!
10:205  0:000  6. [change Method(GPRW,2,N) to XPRW, pair with SSDT-GPRW.aml]: pattern 47505257, bin not found / already patched!
10:205  0:000  7. [change Method(_PTS,1,N) to ZPTS, pair with SSDT-PTSWAK.aml]: pattern 5F505453, bin not found / already patched!
10:205  0:000  8. [change Method(_Q1C,0,N) to XQ1C]: pattern 5F513143, bin not found / already patched!
10:205  0:000  9. [change Method(_Q1D,0,N) to XQ1D]: pattern 5F513144, bin not found / already patched!
10:205  0:000  10. [change Method(_Q3D,0,N) to XQ3D]: pattern 5F513344, bin not found / already patched!
10:205  0:000  11. [change Method(_Q28,0,N) to XQ28]: pattern 5F513238, bin not found / already patched!
10:205  0:000  12. [change Method(_Q2E,0,N) to XQ2E]: pattern 5F513245, bin not found / already patched!
10:205  0:000  13. [Rename TPD0._CRS to XCRS]: pattern 5F435253, bin not found / already patched!
10:205  0:000  14. [Rename TPD0._DSM to XDSM]: pattern 5F44534D, bin not found / already patched!
10:205  0:000    0 replacements
10:205  0:000  Found OperationRegion(PNVS, SystemMemory, 720B8000, ...)
10:205  0:000  === [ ACPIPatchedAML ] ====================================
10:205  0:000  AutoMerge pass 2
10:205  0:000  Unsorted
10:205  0:000  Inserting SSDT-ELAN.aml from EFI\CLOVER\ACPI\patched: size=237 ... Success
10:206  0:000  Inserting SSDT-XOSI.aml from EFI\CLOVER\ACPI\patched: size=206 ... Success
10:207  0:000  Inserting SSDT-XHC.aml from EFI\CLOVER\ACPI\patched: size=350 ... Success
10:207  0:000  Inserting SSDT-Usb.aml from EFI\CLOVER\ACPI\patched: size=386 ... Success
10:207  0:000  Inserting SSDT-DMAC.aml from EFI\CLOVER\ACPI\patched: size=137 ... Success
10:207  0:000  Inserting SSDT-SBUS.aml from EFI\CLOVER\ACPI\patched: size=138 ... Success
10:208  0:000  Inserting SSDT-PNLF.aml from EFI\CLOVER\ACPI\patched: size=1128 ... Success
10:208  0:000  Inserting SSDT-i2cx.aml from EFI\CLOVER\ACPI\patched: size=237 ... Success
10:209  0:000  CPUBase=0 and ApicCPUBase=1 ApicCPUNum=16
10:209  0:000  Maximum control=0x12
10:209  0:000  Turbo control=0x22
10:209  0:000  P-States: min 0x4, max 0x22
10:209  0:000  SSDT with plugin-type without P-States is generated
10:209  0:000  Cleanup XSDT: count=46, length=404
10:209  0:000  corrected XSDT count=45, length=396
10:209  0:000  === [ RestSetup macOS ] ===================================
10:209  0:000  EdidDiscovered size=128
10:209  0:000  --- Discovered EDID Table size:128
10:209  0:000  000  |  00  FF  FF  FF  FF  FF  FF  00  09  E5
10:209  0:000  010  |  9B  06  00  00  00  00  01  19  01  04
10:209  0:000  020  |  95  26  15  78  02  54  F0  9F  5A  56
10:209  0:000  030  |  9C  27  19  50  54  00  00  00  01  01
10:209  0:000  040  |  01  01  01  01  01  01  01  01  01  01
10:209  0:000  050  |  01  01  01  01  F0  28  40  F2  60  84
10:209  0:000  060  |  30  30  30  20  36  00  7E  D7  10  00
10:209  0:000  070  |  00  1A  00  00  00  00  00  00  00  00
10:209  0:000  080  |  00  00  00  00  00  00  00  00  00  1A
10:209  0:000  090  |  00  00  00  00  00  00  00  00  00  00
10:209  0:000  100  |  00  00  00  00  00  00  00  00  00  00
10:209  0:000  110  |  00  02  00  0C  43  F9  0B  3C  6E  1E
10:209  0:000  120  |  16  28  6F  00  00  00  00  74
10:209  0:000  add device: PciRoot(0x0)/Pci(0x2,0x0)
10:209  0:000     Add key=framebuffer-stolenmem valuelen=4
10:209  0:000     Add key=framebuffer-patch-enable valuelen=4
10:209  0:000     Add key=framebuffer-fbmem valuelen=4
10:209  0:000     Add key=framebuffer-con2-alldata valuelen=29
10:209  0:000     Add key=framebuffer-con2-enable valuelen=4
10:209  0:000     Add key=framebuffer-con1-alldata valuelen=12
10:209  0:000     Add key=framebuffer-con1-enable valuelen=4
10:209  0:000     Add key=device-id valuelen=4
10:209  0:000     Add key=AAPL,ig-platform-id valuelen=4
10:209  0:000  Intel GFX injection not set
10:209  0:000   RCBA disabled; cannot use it
10:209  0:000   setting specified layout-id=13 (0xD)
10:209  0:000  stringlength = 2160
10:209  0:000  CurrentMode: Width=1600 Height=900
10:209  0:000  Beginning FSInjection
FSInjectionInstall ...
- Our FSI_SIMPLE_FILE_SYSTEM_PROTOCOL installed on handle: 78FA65D8
FSInjectionInstall ...
- Our FSI_SIMPLE_FILE_SYSTEM_PROTOCOL installed on handle: 78FA65D8
10:213  0:003  Use origin smbios table type 1 guid.
10:214  0:001  Preparing kexts injection for arch=x86_64 from EFI\CLOVER\kexts\Other
10:214  0:000  Extra kext: EFI\CLOVER\kexts\Other\XHCI-unsupported.kext (v.0.9.2)
10:216  0:002  Extra kext: EFI\CLOVER\kexts\Other\FakeSMC.kext (v.1800)
10:221  0:005  Extra kext: EFI\CLOVER\kexts\Other\VoodooPS2Controller.kext (v.1.9.2)
10:226  0:004    |-- PlugIn kext: EFI\CLOVER\kexts\Other\VoodooPS2Controller.kext\Contents\PlugIns\VoodooPS2Mouse.kext (v.1.9.2)
10:230  0:003    |-- PlugIn kext: EFI\CLOVER\kexts\Other\VoodooPS2Controller.kext\Contents\PlugIns\VoodooPS2Keyboard.kext (v.1.9.2)
10:235  0:004    |-- PlugIn kext: EFI\CLOVER\kexts\Other\VoodooPS2Controller.kext\Contents\PlugIns\VoodooPS2Trackpad.kext (v.1.9.2)
10:241  0:005  Extra kext: EFI\CLOVER\kexts\Other\EFICheckDisabler.kext (v.0.5)
10:243  0:002  Extra kext: EFI\CLOVER\kexts\Other\FakeSMC_CPUSensors.kext (v.1800)
10:247  0:004  Extra kext: EFI\CLOVER\kexts\Other\FakeSMC_GPUSensors.kext (v.1800)
10:253  0:005  Extra kext: EFI\CLOVER\kexts\Other\IOAHCIBlockStorageInjector_v1.0.0_Micky1979.kext (v.1.0.0)
10:255  0:002  Extra kext: EFI\CLOVER\kexts\Other\FakeSMC_ACPISensors.kext (v.1800)
10:262  0:007  Extra kext: EFI\CLOVER\kexts\Other\USBInjectAll.kext (v.0.7.1)
10:361  0:098  Extra kext: EFI\CLOVER\kexts\Other\AHCIPortInjector_v1.0.0_Micky1979.kext (v.1.0.0)
10:388  0:027  Extra kext: EFI\CLOVER\kexts\Other\WhateverGreen.kext (v.1.2.6)
10:405  0:016  Extra kext: EFI\CLOVER\kexts\Other\FakeSMC_LPCSensors.kext (v.1800)
10:534  0:129  Extra kext: EFI\CLOVER\kexts\Other\FakeSMC_SMMSensors.kext (v.1800)
10:541  0:006  Extra kext: EFI\CLOVER\kexts\Other\Lilu.kext (v.1.3.1)
10:547  0:005  Extra kext: EFI\CLOVER\kexts\Other\ACPIBatteryManager.kext (v.1.90.1)
10:552  0:005  Extra kext: EFI\CLOVER\kexts\Other\RealtekRTL8100.kext (v.2.0.1)
10:559  0:006  SetScreenResolution: 1600x900 - already set
10:559  0:000  Custom boot is disabled
10:560  0:001  Closing log
